2025-01-06 15:40:12,931 - INFO - Found 153 keywords to process
2025-01-06 15:40:12,931 - INFO - Keywords: ['Breast Cancer', 'Kidney Papillary Cell Carcinoma', 'Kidney Clear Cell Carcinoma', 'Head and Neck Cancer', 'Glioblastoma', 'Esophageal Cancer', 'Endometrioid Cancer', 'Bladder Cancer', 'Retinoblastoma', 'Bile Duct Cancer', 'Adrenocortical Cancer', 'Acute Myeloid Leukemia', 'X-Linked Lymphoproliferative Syndrome', 'Von Hippel Lindau', 'Liver Cancer', 'Lower Grade Glioma', 'Large B-cell Lymphoma', 'Mesothelioma', 'Lung Cancer', 'Uterine Corpus Endometrial Carcinoma', 'Uterine Carcinosarcoma', 'Thymoma', 'Thyroid Cancer', 'Melanoma', 'Stomach Cancer', 'Sarcoma', 'Testicular Cancer', 'Rectal Cancer', 'Prostate Cancer', 'Pheochromocytoma and Paraganglioma', 'Pancreatic Cancer', 'Ovarian Cancer', 'Ocular Melanomas', 'Li-Fraumeni Syndrome', 'Cervical Cancer', 'Colon and Rectal Cancer', 'Kidney Chromophobe', 'lower grade glioma and glioblastoma', 'Atherosclerosis', 'Arrhythmia', 'Congestive heart failure', 'von Willebrand Disease', 'Coronary artery disease', 'Hypertension', 'Atrial Fibrillation', 'High-Density Lipoprotein Deficiency', 'Cardiovascular Disease', 'Essential Thrombocythemia', 'Hypertrophic Cardiomyopathy', 'Creutzfeldt-Jakob Disease', 'Stroke', 'Migraine', 'Epilepsy', "Huntington's Disease", "Parkinson's Disease", 'Autism spectrum disorder (ASD)', 'Amyotrophic Lateral Sclerosis', 'Attention deficit hyperactivity disorder (ADHD)', 'Schizophrenia', 'Bipolar disorder', 'Anxiety disorder', 'Insomnia', 'Multiple sclerosis', "Alzheimer's Disease", 'Substance Use Disorder', 'Obsessive-Compulsive Disorder', 'Charcot-Marie-Tooth Disease', 'Angelman Syndrome', 'Canavan Disease', 'Multiple Chemical Sensitivity', 'Tourette Syndrome', 'Depression', 'Chronic Fatigue Syndrome', 'Post-Traumatic Stress Disorder', 'Anorexia Nervosa', 'Generalized Anxiety Disorder', 'Osteoporosis', 'Chronic kidney disease', 'Hemochromatosis', 'Werner Syndrome', 'Liver cirrhosis', 'Polycystic Kidney Disease', 'Mitochondrial Disorders', 'Glucocorticoid Sensitivity', 'Metabolic Rate', 'Polycystic Ovary Syndrome', 'Type 1 Diabetes Risk', 'Hepatitis', 'Obesity', 'Hypothyroidism', 'Alopecia', 'Gaucher Disease', 'Cystic Fibrosis', 'Sickle Cell Anemia', 'Duchenne Muscular Dystrophy', 'Tuberous Sclerosis', 'Non-Syndromic Hearing Loss', 'Aniridia', 'Hutchinson-Gilford Progeria Syndrome', 'Spinal Muscular Atrophy', 'Multiple Endocrine Neoplasia Type 2', 'DNA Repair Capacity', 'Autoinflammatory Disorders', 'Intellectual Disability', 'Telomere Length', 'Brugada Syndrome', 'Androgen Insensitivity Syndrome', 'DiGeorge Syndrome', 'Craniosynostosis', 'Congenital Adrenal Hyperplasia', 'Inflammatory Disorders', "Crohn's Disease", 'Peptic ulcer disease', 'Celiac Disease', 'Irritable bowel syndrome (IBS)', 'Gastroesophageal reflux disease (GERD)', 'Asthma', 'Chronic obstructive pulmonary disease (COPD)', 'Obstructive sleep apnea', 'COVID-19', 'Osteoarthritis', "Sjögren's Syndrome", 'Psoriatic Arthritis', 'Ankylosing Spondylitis', "Paget's Disease of bone", 'Rheumatoid Arthritis', 'Lupus (Systemic Lupus Erythematosus', 'Eczema', 'Endometriosis', 'Age-Related Macular Degeneration', 'Bone Density', 'Physical Exercise Response', 'Longevity and Aging', 'Fibromyalgia', 'Psoriasis', 'Red Hair', 'Kidney stones', 'Allergies', 'Underweight', 'Heart rate', 'HIV Resistance', 'Lactose Intolerance', 'Poor Metabolizer of Drugs', 'Height', 'Susceptibility to Infections', 'Cognitive Processing', 'Social Behavior', 'Alcohol Flush Reaction', 'Blood Type', 'Vitamin D Levels', 'LDL Cholesterol Levels', 'Pain Sensitivity', 'Language Abilities']
2025-01-06 15:40:12,931 - INFO - Resuming from checkpoint: i=1, j=0
2025-01-06 15:40:12,933 - INFO - 
Processing trait (2/153): Kidney Papillary Cell Carcinoma
2025-01-06 15:40:12,933 - INFO - Search query: (30:10000[Number of Samples]) AND ("Homo sapiens"[Organism]) AND (2010:2025[Publication Date]) AND (Kidney Papillary Cell Carcinoma) AND ("expression profiling by array"[DataSet Type] OR "expression profiling by high throughput sequencing"[DataSet Type] OR "genome variation profiling by high throughput sequencing"[DataSet Type] OR "genome variation profiling by snp array"[DataSet Type] OR "snp genotyping by snp array"[DataSet Type] OR "third party reanalysis"[DataSet Type])
2025-01-06 15:40:13,110 - INFO - Total results for query: 29
2025-01-06 15:40:13,110 - INFO - Fetching batch 1 of 1 (size: 29)
2025-01-06 15:40:13,277 - INFO - Successfully retrieved 29 IDs in batch 1
2025-01-06 15:40:13,277 - INFO - Found 29 datasets for: Kidney Papillary Cell Carcinoma
2025-01-06 15:40:20,835 - INFO - Successfully processed 29 datasets for: Kidney Papillary Cell Carcinoma
2025-01-06 15:40:20,994 - INFO - Resuming from checkpoint: i=1, j=0
2025-01-06 15:40:21,775 - INFO - Family file GSE251905_family.soft.gz is available with size 0.01 MB
2025-01-06 15:40:21,775 - INFO - No suitable gene expression data in series 0 (29 series for trait Kidney Papillary Cell Carcinoma in total)
2025-01-06 15:40:22,543 - INFO - Family file GSE180777_family.soft.gz is available with size 0.01 MB
2025-01-06 15:40:22,543 - INFO - No suitable gene expression data in series 1 (29 series for trait Kidney Papillary Cell Carcinoma in total)
2025-01-06 15:40:23,306 - INFO - Family file GSE254461_family.soft.gz is available with size 0.01 MB
2025-01-06 15:40:23,306 - INFO - No suitable gene expression data in series 2 (29 series for trait Kidney Papillary Cell Carcinoma in total)
2025-01-06 15:40:24,077 - INFO - Family file GSE244957_family.soft.gz is available with size 0.01 MB
2025-01-06 15:40:24,077 - INFO - No suitable gene expression data in series 3 (29 series for trait Kidney Papillary Cell Carcinoma in total)
2025-01-06 15:40:24,838 - INFO - Family file GSE188486_family.soft.gz is available with size 0.01 MB
2025-01-06 15:40:24,838 - INFO - No suitable gene expression data in series 4 (29 series for trait Kidney Papillary Cell Carcinoma in total)
2025-01-06 15:40:25,610 - INFO - Family file GSE151419_family.soft.gz is available with size 0.01 MB
2025-01-06 15:40:25,611 - INFO - No suitable gene expression data in series 5 (29 series for trait Kidney Papillary Cell Carcinoma in total)
2025-01-06 15:40:26,119 - INFO - Matrix file GSE95425_series_matrix.txt.gz is available with size 4.44 MB
2025-01-06 15:40:26,395 - INFO - Family file GSE95425_family.soft.gz is available with size 25.07 MB
2025-01-06 15:40:27,001 - INFO - Successfully downloaded: GSE95425_series_matrix.txt.gz
2025-01-06 15:40:28,871 - INFO - Successfully downloaded: GSE95425_family.soft.gz
2025-01-06 15:40:28,871 - INFO - Downloaded: ['GSE95425_series_matrix.txt.gz'] and ['GSE95425_family.soft.gz'] for trait Kidney Papillary Cell Carcinoma
2025-01-06 15:40:29,360 - INFO - Matrix file GSE85258_series_matrix.txt.gz is available with size 9.07 MB
2025-01-06 15:40:29,638 - INFO - Family file GSE85258_family.soft.gz is available with size 25.00 MB
2025-01-06 15:40:30,540 - INFO - Successfully downloaded: GSE85258_series_matrix.txt.gz
2025-01-06 15:40:32,401 - INFO - Successfully downloaded: GSE85258_family.soft.gz
2025-01-06 15:40:32,402 - INFO - Downloaded: ['GSE85258_series_matrix.txt.gz'] and ['GSE85258_family.soft.gz'] for trait Kidney Papillary Cell Carcinoma
2025-01-06 15:40:32,908 - INFO - Matrix file GSE48352_series_matrix.txt.gz is available with size 3.27 MB
2025-01-06 15:40:33,194 - INFO - Family file GSE48352_family.soft.gz is available with size 5.18 MB
2025-01-06 15:40:35,685 - INFO - Successfully downloaded: GSE48352_series_matrix.txt.gz
2025-01-06 15:40:38,615 - INFO - 
Processing trait (3/153): Kidney Clear Cell Carcinoma
2025-01-06 15:40:38,615 - INFO - Search query: (30:10000[Number of Samples]) AND ("Homo sapiens"[Organism]) AND (2010:2025[Publication Date]) AND (Kidney Clear Cell Carcinoma) AND ("expression profiling by array"[DataSet Type] OR "expression profiling by high throughput sequencing"[DataSet Type] OR "genome variation profiling by high throughput sequencing"[DataSet Type] OR "genome variation profiling by snp array"[DataSet Type] OR "snp genotyping by snp array"[DataSet Type] OR "third party reanalysis"[DataSet Type])
2025-01-06 15:40:38,825 - INFO - Total results for query: 149
2025-01-06 15:40:38,825 - INFO - Fetching batch 1 of 2 (size: 100)
2025-01-06 15:40:39,000 - INFO - Successfully retrieved 100 IDs in batch 1
2025-01-06 15:40:39,500 - INFO - Fetching batch 2 of 2 (size: 49)
2025-01-06 15:40:39,701 - INFO - Successfully retrieved 49 IDs in batch 2
2025-01-06 15:40:39,701 - INFO - Found 149 datasets for: Kidney Clear Cell Carcinoma
