2025-01-29 11:04:37,018 - INFO - Found 3 keywords to process
2025-01-29 11:04:37,018 - INFO - Keywords: ['Longevity', 'Type_1_Diabetes', 'Type_2_Diabetes']
2025-01-29 11:04:37,018 - INFO - Resuming from checkpoint: i=0, j=0
2025-01-29 11:04:37,020 - INFO - 
Processing trait (1/3): Longevity
2025-01-29 11:04:37,020 - INFO - Search query: (30:10000[Number of Samples]) AND ("Homo sapiens"[Organism]) AND (2010:2025[Publication Date]) AND (Longevity) AND ("expression profiling by array"[DataSet Type] OR "expression profiling by high throughput sequencing"[DataSet Type] OR "genome variation profiling by high throughput sequencing"[DataSet Type] OR "genome variation profiling by snp array"[DataSet Type] OR "snp genotyping by snp array"[DataSet Type] OR "third party reanalysis"[DataSet Type])
2025-01-29 11:04:37,282 - INFO - Total results for query: 10
2025-01-29 11:04:37,282 - INFO - Fetching batch 1 of 1 (size: 10)
2025-01-29 11:04:37,456 - INFO - Successfully retrieved 10 IDs in batch 1
2025-01-29 11:04:37,456 - INFO - Found 10 datasets for: Longevity
2025-01-29 11:04:39,488 - INFO - Successfully processed 10 datasets for: Longevity
2025-01-29 11:04:39,729 - INFO - 
Processing trait (2/3): Type_1_Diabetes
2025-01-29 11:04:39,729 - INFO - Search query: (30:10000[Number of Samples]) AND ("Homo sapiens"[Organism]) AND (2010:2025[Publication Date]) AND (Type_1_Diabetes) AND ("expression profiling by array"[DataSet Type] OR "expression profiling by high throughput sequencing"[DataSet Type] OR "genome variation profiling by high throughput sequencing"[DataSet Type] OR "genome variation profiling by snp array"[DataSet Type] OR "snp genotyping by snp array"[DataSet Type] OR "third party reanalysis"[DataSet Type])
2025-01-29 11:04:39,971 - INFO - Total results for query: 101
2025-01-29 11:04:39,971 - INFO - Fetching batch 1 of 2 (size: 100)
2025-01-29 11:04:40,141 - INFO - Successfully retrieved 100 IDs in batch 1
2025-01-29 11:04:40,641 - INFO - Fetching batch 2 of 2 (size: 1)
2025-01-29 11:04:40,963 - INFO - Successfully retrieved 1 IDs in batch 2
2025-01-29 11:04:40,963 - INFO - Found 101 datasets for: Type_1_Diabetes
2025-01-29 11:05:04,030 - INFO - Successfully processed 101 datasets for: Type_1_Diabetes
2025-01-29 11:05:04,218 - INFO - 
Processing trait (3/3): Type_2_Diabetes
2025-01-29 11:05:04,218 - INFO - Search query: (30:10000[Number of Samples]) AND ("Homo sapiens"[Organism]) AND (2010:2025[Publication Date]) AND (Type_2_Diabetes) AND ("expression profiling by array"[DataSet Type] OR "expression profiling by high throughput sequencing"[DataSet Type] OR "genome variation profiling by high throughput sequencing"[DataSet Type] OR "genome variation profiling by snp array"[DataSet Type] OR "snp genotyping by snp array"[DataSet Type] OR "third party reanalysis"[DataSet Type])
2025-01-29 11:05:04,386 - INFO - Total results for query: 184
2025-01-29 11:05:04,386 - INFO - Fetching batch 1 of 2 (size: 100)
2025-01-29 11:05:04,553 - INFO - Successfully retrieved 100 IDs in batch 1
2025-01-29 11:05:05,054 - INFO - Fetching batch 2 of 2 (size: 84)
2025-01-29 11:05:05,222 - INFO - Successfully retrieved 84 IDs in batch 2
2025-01-29 11:05:05,222 - INFO - Found 184 datasets for: Type_2_Diabetes
2025-01-29 11:05:43,753 - INFO - Successfully processed 184 datasets for: Type_2_Diabetes
2025-01-29 11:05:43,943 - WARNING - No sample sizes were collected during execution.
