2025-01-29 11:10:04,205 - INFO - Found 3 keywords to process
2025-01-29 11:10:04,205 - INFO - Keywords: ['Longevity', 'Type_1_Diabetes', 'Type_2_Diabetes']
2025-01-29 11:10:04,205 - INFO - No checkpoint found, starting from beginning
2025-01-29 11:10:04,207 - INFO - 
Processing trait (1/3): Longevity
2025-01-29 11:10:04,207 - INFO - Search query: (30:10000[Number of Samples]) AND ("Homo sapiens"[Organism]) AND (2010:2025[Publication Date]) AND (Longevity) AND ("expression profiling by array"[DataSet Type] OR "expression profiling by high throughput sequencing"[DataSet Type] OR "genome variation profiling by high throughput sequencing"[DataSet Type] OR "genome variation profiling by snp array"[DataSet Type] OR "snp genotyping by snp array"[DataSet Type] OR "third party reanalysis"[DataSet Type])
2025-01-29 11:10:04,509 - INFO - Total results for query: 10
2025-01-29 11:10:04,509 - INFO - Fetching batch 1 of 1 (size: 10)
2025-01-29 11:10:04,965 - INFO - Successfully retrieved 10 IDs in batch 1
2025-01-29 11:10:04,966 - INFO - Found 10 datasets for: Longevity
2025-01-29 11:10:07,369 - INFO - Successfully processed 10 datasets for: Longevity
2025-01-29 11:10:07,645 - INFO - 
Processing trait (2/3): Type_1_Diabetes
2025-01-29 11:10:07,645 - INFO - Search query: (30:10000[Number of Samples]) AND ("Homo sapiens"[Organism]) AND (2010:2025[Publication Date]) AND (Type_1_Diabetes) AND ("expression profiling by array"[DataSet Type] OR "expression profiling by high throughput sequencing"[DataSet Type] OR "genome variation profiling by high throughput sequencing"[DataSet Type] OR "genome variation profiling by snp array"[DataSet Type] OR "snp genotyping by snp array"[DataSet Type] OR "third party reanalysis"[DataSet Type])
2025-01-29 11:10:07,811 - INFO - Total results for query: 101
2025-01-29 11:10:07,811 - INFO - Fetching batch 1 of 2 (size: 100)
2025-01-29 11:10:08,435 - INFO - Successfully retrieved 100 IDs in batch 1
2025-01-29 11:10:08,936 - INFO - Fetching batch 2 of 2 (size: 1)
2025-01-29 11:10:09,111 - INFO - Successfully retrieved 1 IDs in batch 2
2025-01-29 11:10:09,111 - INFO - Found 101 datasets for: Type_1_Diabetes
